<?xml version="1.0" encoding="UTF-8"?><testsuite errors="1" failures="0" name="Diligenciar el formulario de vuelos y verificar los resultados" skipped="0" tests="1" time="22.35" timestamp="2024-10-25 04:44:15"><testcase name="Diligenciar el formulario de vuelos con datos necesarios y buscar vuelo"><error message="element click intercepted: Element &lt;span class=&quot;aui-button__label&quot;&gt;...&lt;/span&gt; is not clickable at point (1332, 10). Other element would receive the click: &lt;div class=&quot;styles__ViewFlightWrapper-sc-1ejm4gi-3 hjzFmK&quot;&gt;...&lt;/div&gt;&#10;  (Session info: chrome=130.0.6723.69)&#10;Build info: version: '3.141.59', revision: 'e82be7d358', time: '2018-11-14T08:17:03'&#10;System info: host: '7020771PYLCASTA', ip: '90.33.1.115', os.name: 'Windows 10', os.arch: 'amd64', os.version: '10.0', java.version: '1.8.0_381'&#10;Driver info: org.openqa.selenium.chrome.ChromeDriver&#10;Capabilities {acceptInsecureCerts: false, browserName: chrome, browserVersion: 130.0.6723.69, chrome: {chromedriverVersion: 129.0.6668.89 (951c0b97221f..., userDataDir: C:\Windows\SystemTemp\scope...}, fedcm:accounts: true, goog:chromeOptions: {debuggerAddress: localhost:63173}, javascriptEnabled: true, networkConnectionEnabled: false, pageLoadStrategy: normal, platform: WINDOWS, platformName: WINDOWS, proxy: Proxy(), setWindowRect: true, strictFileInteractability: false, timeouts: {implicit: 0, pageLoad: 300000, script: 30000}, unhandledPromptBehavior: dismiss and notify, webauthn:extension:credBlob: true, webauthn:extension:largeBlob: true, webauthn:extension:minPinLength: true, webauthn:extension:prf: true, webauthn:virtualAuthenticators: true}&#10;Session ID: baca6ea3a747548819af92c927cd9fea" type="org.openqa.selenium.ElementClickInterceptedException">element click intercepted: Element &lt;span class="aui-button__label"&gt;...&lt;/span&gt; is not clickable at point (1332, 10). Other element would receive the click: &lt;div class="styles__ViewFlightWrapper-sc-1ejm4gi-3 hjzFmK"&gt;...&lt;/div&gt;
  (Session info: chrome=130.0.6723.69)
Build info: version: '3.141.59', revision: 'e82be7d358', time: '2018-11-14T08:17:03'
System info: host: '7020771PYLCASTA', ip: '90.33.1.115', os.name: 'Windows 10', os.arch: 'amd64', os.version: '10.0', java.version: '1.8.0_381'
Driver info: org.openqa.selenium.chrome.ChromeDriver
Capabilities {acceptInsecureCerts: false, browserName: chrome, browserVersion: 130.0.6723.69, chrome: {chromedriverVersion: 129.0.6668.89 (951c0b97221f..., userDataDir: C:\Windows\SystemTemp\scope...}, fedcm:accounts: true, goog:chromeOptions: {debuggerAddress: localhost:63173}, javascriptEnabled: true, networkConnectionEnabled: false, pageLoadStrategy: normal, platform: WINDOWS, platformName: WINDOWS, proxy: Proxy(), setWindowRect: true, strictFileInteractability: false, timeouts: {implicit: 0, pageLoad: 300000, script: 30000}, unhandledPromptBehavior: dismiss and notify, webauthn:extension:credBlob: true, webauthn:extension:largeBlob: true, webauthn:extension:minPinLength: true, webauthn:extension:prf: true, webauthn:virtualAuthenticators: true}
Session ID: baca6ea3a747548819af92c927cd9fea</error><system-err>element click intercepted: Element &lt;span class="aui-button__label"&gt;...&lt;/span&gt; is not clickable at point (1332, 10). Other element would receive the click: &lt;div class="styles__ViewFlightWrapper-sc-1ejm4gi-3 hjzFmK"&gt;...&lt;/div&gt;
  (Session info: chrome=130.0.6723.69)
Build info: version: '3.141.59', revision: 'e82be7d358', time: '2018-11-14T08:17:03'
System info: host: '7020771PYLCASTA', ip: '90.33.1.115', os.name: 'Windows 10', os.arch: 'amd64', os.version: '10.0', java.version: '1.8.0_381'
Driver info: org.openqa.selenium.chrome.ChromeDriver
Capabilities {acceptInsecureCerts: false, browserName: chrome, browserVersion: 130.0.6723.69, chrome: {chromedriverVersion: 129.0.6668.89 (951c0b97221f..., userDataDir: C:\Windows\SystemTemp\scope...}, fedcm:accounts: true, goog:chromeOptions: {debuggerAddress: localhost:63173}, javascriptEnabled: true, networkConnectionEnabled: false, pageLoadStrategy: normal, platform: WINDOWS, platformName: WINDOWS, proxy: Proxy(), setWindowRect: true, strictFileInteractability: false, timeouts: {implicit: 0, pageLoad: 300000, script: 30000}, unhandledPromptBehavior: dismiss and notify, webauthn:extension:credBlob: true, webauthn:extension:largeBlob: true, webauthn:extension:minPinLength: true, webauthn:extension:prf: true, webauthn:virtualAuthenticators: true}
Session ID: baca6ea3a747548819af92c927cd9fea&#13;
com.davivienda.pruebaautomatizacion.interactions.SeleccionarVuelo.IsSeleccionarVuelo.performAs(IsSeleccionarVuelo.java:26)&#13;
com.davivienda.pruebaautomatizacion.definition.BuscarVuelosSteps.haceClicEnElBotonBuscarVuelos(BuscarVuelosSteps.java:51)&#13;
cucumber.runner.Runner.runPickle(Runner.java:80)&#13;
worker.org.gradle.process.internal.worker.GradleWorkerMain.run(GradleWorkerMain.java:69)&#13;
worker.org.gradle.process.internal.worker.GradleWorkerMain.main(GradleWorkerMain.java:74)&#13;
</system-err></testcase></testsuite>